<?xml version="1.0" encoding="UTF-8"?>
<!-- Generated by org.testng.reporters.JUnitXMLReporter -->
<testsuite hostname="DESKTOP-MMFB6CD" ignored="1" name="Default test(failed)" tests="1" failures="0" timestamp="01 Feb 2021 11:41:21 GMT" time="24.885" errors="0">
  <testcase name="login" time="24.834" classname="Amazon.Automate.Login"/>
  <testcase name="nowLoginClick" time="0.0" classname="Amazon.Automate.Login">
    <ignored/>
  </testcase> <!-- nowLoginClick -->
</testsuite> <!-- Default test(failed) -->
