<?xml version="1.0" encoding="UTF-8"?>
<!-- Generated by org.testng.reporters.JUnitXMLReporter -->
<testsuite hostname="DESKTOP-MMFB6CD" ignored="0" name="Default test" tests="3" failures="0" timestamp="05 Feb 2021 06:56:07 GMT" time="24.409" errors="0">
  <testcase name="login" time="16.408" classname="Amazon.Automate.Login"/>
  <testcase name="nowLoginClick" time="5.1" classname="Amazon.Automate.Login"/>
  <testcase name="o_getlogindata" time="2.85" classname="Amazon.Automate.Login"/>
</testsuite> <!-- Default test -->
