<?xml version="1.0" encoding="UTF-8"?>
<!-- Generated by org.testng.reporters.JUnitXMLReporter -->
<testsuite hostname="DESKTOP-MMFB6CD" ignored="0" name="Default test" tests="4" failures="0" timestamp="05 Feb 2021 14:01:46 GMT" time="28.741" errors="0">
  <testcase name="login" time="12.678" classname="Amazon.Automate.Login"/>
  <testcase name="nowLoginClick" time="1.655" classname="Amazon.Automate.Login"/>
  <testcase name="o_getlogindata" time="2.538" classname="Amazon.Automate.Login"/>
  <testcase name="p_selectAnOptionFromDropDown" time="11.83" classname="Amazon.Automate.Login"/>
</testsuite> <!-- Default test -->
