<?xml version="1.0" encoding="UTF-8"?>
<!-- Generated by org.testng.reporters.JUnitXMLReporter -->
<testsuite hostname="DESKTOP-MMFB6CD" ignored="0" name="AmazonTest" tests="4" failures="0" timestamp="15 Feb 2021 10:37:08 GMT" time="30.864" errors="0">
  <testcase name="login" time="11.001" classname="Amazon.Automate.Login"/>
  <testcase name="nowLoginClick" time="1.903" classname="Amazon.Automate.Login"/>
  <testcase name="o_getlogindata" time="4.578" classname="Amazon.Automate.Login"/>
  <testcase name="p_selectAnOptionFromDropDown" time="13.291" classname="Amazon.Automate.Login"/>
</testsuite> <!-- AmazonTest -->
