<?xml version="1.0" encoding="UTF-8"?>
<!-- Generated by org.testng.reporters.JUnitXMLReporter -->
<testsuite hostname="DESKTOP-MMFB6CD" ignored="0" name="Test" tests="3" failures="0" timestamp="05 Feb 2021 07:01:37 GMT" time="20.232" errors="0">
  <testcase name="login" time="13.696" classname="Amazon.Automate.Login"/>
  <testcase name="nowLoginClick" time="2.276" classname="Amazon.Automate.Login"/>
  <testcase name="o_getlogindata" time="4.179" classname="Amazon.Automate.Login"/>
</testsuite> <!-- Test -->
