<?xml version="1.0" encoding="UTF-8"?>
<!-- Generated by org.testng.reporters.JUnitXMLReporter -->
<testsuite hostname="DESKTOP-MMFB6CD" ignored="0" name="Test" tests="4" failures="0" timestamp="05 Feb 2021 14:08:57 GMT" time="29.733" errors="0">
  <testcase name="login" time="12.17" classname="Amazon.Automate.Login"/>
  <testcase name="nowLoginClick" time="1.759" classname="Amazon.Automate.Login"/>
  <testcase name="o_getlogindata" time="3.483" classname="Amazon.Automate.Login"/>
  <testcase name="p_selectAnOptionFromDropDown" time="12.224" classname="Amazon.Automate.Login"/>
</testsuite> <!-- Test -->
