<?xml version="1.0" encoding="UTF-8"?>
<!-- Generated by org.testng.reporters.JUnitXMLReporter -->
<testsuite hostname="DESKTOP-MMFB6CD" ignored="0" name="goIbiboTest" tests="4" failures="0" timestamp="15 Feb 2021 11:08:13 GMT" time="27.419" errors="0">
  <testcase name="login" time="10.786" classname="Amazon.Automate.Login"/>
  <testcase name="nowLoginClick" time="1.901" classname="Amazon.Automate.Login"/>
  <testcase name="o_getlogindata" time="4.031" classname="Amazon.Automate.Login"/>
  <testcase name="p_selectAnOptionFromDropDown" time="10.628" classname="Amazon.Automate.Login"/>
</testsuite> <!-- goIbiboTest -->
