<?xml version="1.0" encoding="UTF-8"?>
<testng-results skipped="0" failed="0" ignored="0" total="1" passed="1">
  <reporter-output>
  </reporter-output>
  <suite name="Default suite" duration-ms="20449" started-at="2021-02-11T12:38:12Z" finished-at="2021-02-11T12:38:32Z">
    <groups>
    </groups>
    <test name="Default test" duration-ms="20449" started-at="2021-02-11T12:38:12Z" finished-at="2021-02-11T12:38:32Z">
      <class name="Amazon.Automate.goibibo">
        <test-method status="PASS" signature="calendercheck()[pri:0, instance:Amazon.Automate.goibibo@5c3bd550]" name="calendercheck" duration-ms="20391" started-at="2021-02-11T12:38:12Z" finished-at="2021-02-11T12:38:32Z">
          <reporter-output>
          </reporter-output>
        </test-method> <!-- calendercheck -->
      </class> <!-- Amazon.Automate.goibibo -->
    </test> <!-- Default test -->
  </suite> <!-- Default suite -->
</testng-results>
