<?xml version="1.0" encoding="UTF-8"?>
<testng-results skipped="0" failed="0" ignored="0" total="3" passed="3">
  <reporter-output>
  </reporter-output>
  <suite name="Suite" duration-ms="21966" started-at="2021-02-04T15:10:04Z" finished-at="2021-02-04T15:10:26Z">
    <groups>
    </groups>
    <test name="Test" duration-ms="21966" started-at="2021-02-04T15:10:04Z" finished-at="2021-02-04T15:10:26Z">
      <class name="Amazon.Automate.Login">
        <test-method status="PASS" signature="login()[pri:0, instance:Amazon.Automate.Login@19dc67c2]" name="login" duration-ms="15727" started-at="2021-02-04T15:10:04Z" finished-at="2021-02-04T15:10:20Z">
          <reporter-output>
          </reporter-output>
        </test-method> <!-- login -->
        <test-method status="PASS" signature="nowLoginClick()[pri:0, instance:Amazon.Automate.Login@19dc67c2]" name="nowLoginClick" duration-ms="1667" started-at="2021-02-04T15:10:20Z" finished-at="2021-02-04T15:10:22Z">
          <reporter-output>
          </reporter-output>
        </test-method> <!-- nowLoginClick -->
        <test-method status="PASS" signature="o_getlogindata()[pri:0, instance:Amazon.Automate.Login@19dc67c2]" name="o_getlogindata" duration-ms="4447" started-at="2021-02-04T15:10:22Z" finished-at="2021-02-04T15:10:26Z">
          <reporter-output>
          </reporter-output>
        </test-method> <!-- o_getlogindata -->
      </class> <!-- Amazon.Automate.Login -->
    </test> <!-- Test -->
  </suite> <!-- Suite -->
</testng-results>
